  RigidBody.cpp
  objloader.cpp
u:\physics 1\objloader.cpp(33): warning C4996: 'fopen': This function or variable may be unsafe. Consider using fopen_s instead. To disable deprecation, use _CRT_SECURE_NO_WARNINGS. See online help for details.
  c:\program files (x86)\windows kits\10\include\10.0.10240.0\ucrt\stdio.h(205): note: see declaration of 'fopen'
u:\physics 1\objloader.cpp(44): warning C4996: 'fscanf': This function or variable may be unsafe. Consider using fscanf_s instead. To disable deprecation, use _CRT_SECURE_NO_WARNINGS. See online help for details.
  c:\program files (x86)\windows kits\10\include\10.0.10240.0\ucrt\stdio.h(1193): note: see declaration of 'fscanf'
u:\physics 1\objloader.cpp(52): warning C4996: 'fscanf': This function or variable may be unsafe. Consider using fscanf_s instead. To disable deprecation, use _CRT_SECURE_NO_WARNINGS. See online help for details.
  c:\program files (x86)\windows kits\10\include\10.0.10240.0\ucrt\stdio.h(1193): note: see declaration of 'fscanf'
u:\physics 1\objloader.cpp(56): warning C4996: 'fscanf': This function or variable may be unsafe. Consider using fscanf_s instead. To disable deprecation, use _CRT_SECURE_NO_WARNINGS. See online help for details.
  c:\program files (x86)\windows kits\10\include\10.0.10240.0\ucrt\stdio.h(1193): note: see declaration of 'fscanf'
u:\physics 1\objloader.cpp(61): warning C4996: 'fscanf': This function or variable may be unsafe. Consider using fscanf_s instead. To disable deprecation, use _CRT_SECURE_NO_WARNINGS. See online help for details.
  c:\program files (x86)\windows kits\10\include\10.0.10240.0\ucrt\stdio.h(1193): note: see declaration of 'fscanf'
u:\physics 1\objloader.cpp(66): warning C4996: 'fscanf': This function or variable may be unsafe. Consider using fscanf_s instead. To disable deprecation, use _CRT_SECURE_NO_WARNINGS. See online help for details.
  c:\program files (x86)\windows kits\10\include\10.0.10240.0\ucrt\stdio.h(1193): note: see declaration of 'fscanf'
  main.cpp
u:\physics 1\main.cpp(355): warning C4244: 'initializing': conversion from 'double' to 'GLfloat', possible loss of data
u:\physics 1\main.cpp(400): warning C4244: 'initializing': conversion from 'double' to 'GLfloat', possible loss of data
u:\physics 1\main.cpp(401): warning C4244: 'initializing': conversion from 'double' to 'GLfloat', possible loss of data
u:\physics 1\main.cpp(450): warning C4018: '<': signed/unsigned mismatch
u:\physics 1\main.cpp(540): warning C4244: '=': conversion from 'double' to 'GLfloat', possible loss of data
u:\physics 1\main.cpp(541): warning C4244: '=': conversion from 'double' to 'GLfloat', possible loss of data
u:\physics 1\main.cpp(545): warning C4244: 'initializing': conversion from 'double' to 'GLfloat', possible loss of data
u:\physics 1\main.cpp(546): warning C4244: 'initializing': conversion from 'double' to 'GLfloat', possible loss of data
u:\physics 1\main.cpp(548): warning C4244: '=': conversion from 'double' to 'GLfloat', possible loss of data
u:\physics 1\main.cpp(549): warning C4244: '=': conversion from 'double' to 'GLfloat', possible loss of data
u:\physics 1\main.cpp(556): warning C4244: 'argument': conversion from 'double' to 'GLfloat', possible loss of data
  Generating Code...
LINK : warning LNK4098: defaultlib 'LIBCMT' conflicts with use of other libs; use /NODEFAULTLIB:library
LINK : warning LNK4098: defaultlib 'MSVCRT' conflicts with use of other libs; use /NODEFAULTLIB:library
SOIL.lib(image_DXT.obj) : warning LNK4099: PDB 'vc120.pdb' was not found with 'SOIL.lib(image_DXT.obj)' or at 'U:\Physics 1\Debug\vc120.pdb'; linking object as if no debug info
SOIL.lib(image_helper.obj) : warning LNK4099: PDB 'vc120.pdb' was not found with 'SOIL.lib(image_helper.obj)' or at 'U:\Physics 1\Debug\vc120.pdb'; linking object as if no debug info
SOIL.lib(SOIL.obj) : warning LNK4099: PDB 'vc120.pdb' was not found with 'SOIL.lib(SOIL.obj)' or at 'U:\Physics 1\Debug\vc120.pdb'; linking object as if no debug info
SOIL.lib(stb_image_aug.obj) : warning LNK4099: PDB 'vc120.pdb' was not found with 'SOIL.lib(stb_image_aug.obj)' or at 'U:\Physics 1\Debug\vc120.pdb'; linking object as if no debug info
glew32s.lib(glew.obj) : warning LNK4099: PDB 'vc120.pdb' was not found with 'glew32s.lib(glew.obj)' or at 'U:\Physics 1\Debug\vc120.pdb'; linking object as if no debug info
  opengl.vcxproj -> U:\Physics 1\Debug\opengl.exe
  opengl.vcxproj -> U:\Physics 1\Debug\opengl.pdb (Full PDB)
